<?xml version="1.0" encoding="UTF-8"?>
<!-- Generated by org.testng.reporters.JUnitXMLReporter -->
<testsuite hostname="KEERTHI-PC" ignored="0" name="Default test" tests="5" failures="0" timestamp="24 Feb 2023 07:37:03 GMT" time="0.248" errors="0">
  <testcase name="tc2" time="0.04" classname="testNg.org.Greens"/>
  <testcase name="tc4" time="0.004" classname="testNg.org.Greens"/>
  <testcase name="tc1" time="0.008" classname="testNg.org.Greens"/>
  <testcase name="tc5" time="0.017" classname="testNg.org.Greens"/>
  <testcase name="tc3" time="0.003" classname="testNg.org.Greens"/>
</testsuite> <!-- Default test -->
