<?xml version="1.0" encoding="UTF-8"?>
<testng-results skipped="0" failed="0" ignored="0" total="5" passed="5">
  <reporter-output>
  </reporter-output>
  <suite name="Default suite" duration-ms="248" started-at="2023-02-24T07:37:03Z" finished-at="2023-02-24T07:37:03Z">
    <groups>
    </groups>
    <test name="Default test" duration-ms="248" started-at="2023-02-24T07:37:03Z" finished-at="2023-02-24T07:37:03Z">
      <class name="testNg.org.Greens">
        <test-method status="PASS" signature="tc2()[pri:-3, instance:testNg.org.Greens@22fc4c]" name="tc2" duration-ms="40" started-at="2023-02-24T07:37:03Z" finished-at="2023-02-24T07:37:03Z">
          <reporter-output>
          </reporter-output>
        </test-method> <!-- tc2 -->
        <test-method status="PASS" signature="tc4()[pri:-1, instance:testNg.org.Greens@22fc4c]" name="tc4" duration-ms="4" started-at="2023-02-24T07:37:03Z" finished-at="2023-02-24T07:37:03Z">
          <reporter-output>
          </reporter-output>
        </test-method> <!-- tc4 -->
        <test-method status="PASS" signature="tc1()[pri:2, instance:testNg.org.Greens@22fc4c]" name="tc1" duration-ms="8" started-at="2023-02-24T07:37:03Z" finished-at="2023-02-24T07:37:03Z">
          <reporter-output>
          </reporter-output>
        </test-method> <!-- tc1 -->
        <test-method status="PASS" signature="tc5()[pri:5, instance:testNg.org.Greens@22fc4c]" name="tc5" duration-ms="17" started-at="2023-02-24T07:37:03Z" finished-at="2023-02-24T07:37:03Z">
          <reporter-output>
          </reporter-output>
        </test-method> <!-- tc5 -->
        <test-method status="PASS" signature="tc3()[pri:13, instance:testNg.org.Greens@22fc4c]" name="tc3" duration-ms="3" started-at="2023-02-24T07:37:03Z" finished-at="2023-02-24T07:37:03Z">
          <reporter-output>
          </reporter-output>
        </test-method> <!-- tc3 -->
      </class> <!-- testNg.org.Greens -->
    </test> <!-- Default test -->
  </suite> <!-- Default suite -->
</testng-results>
